
[Dog Game Engine 17/04/2016 20:28:03]INFO: OpenGL was up successfully -- Dog Game Engine
[Dog Game Engine 17/04/2016 20:28:03]INFO: Version OpenGL: Intel
[Dog Game Engine 17/04/2016 20:28:03]INFO: Vendor OpenGL: Intel(R) HD Graphics 4000
[Dog Game Engine 17/04/2016 20:28:03]INFO: Renderer OpenGL: 4.0.0 - Build 10.18.10.3316
[Dog Game Engine 17/04/2016 20:28:03]INFO: Version GLSL: 4.00 - Build 10.18.10.3316
[Dog Game Engine 17/04/2016 20:28:21]INFO: OpenGL was up successfully -- Dog Game Engine
[Dog Game Engine 17/04/2016 20:28:21]INFO: Version OpenGL: Intel
[Dog Game Engine 17/04/2016 20:28:21]INFO: Vendor OpenGL: Intel(R) HD Graphics 4000
[Dog Game Engine 17/04/2016 20:28:21]INFO: Renderer OpenGL: 4.0.0 - Build 10.18.10.3316
[Dog Game Engine 17/04/2016 20:28:21]INFO: Version GLSL: 4.00 - Build 10.18.10.3316
[Dog Game Engine 17/04/2016 21:08:10]INFO: OpenGL was up successfully -- Dog Game Engine
[Dog Game Engine 17/04/2016 21:08:10]INFO: Version OpenGL: Intel
[Dog Game Engine 17/04/2016 21:08:10]INFO: Vendor OpenGL: Intel(R) HD Graphics 4000
[Dog Game Engine 17/04/2016 21:08:10]INFO: Renderer OpenGL: 4.0.0 - Build 10.18.10.3316
[Dog Game Engine 17/04/2016 21:08:10]INFO: Version GLSL: 4.00 - Build 10.18.10.3316
[Dog Game Engine 17/04/2016 21:10:55]INFO: OpenGL was up successfully -- Dog Game Engine
[Dog Game Engine 17/04/2016 21:10:55]INFO: Version OpenGL: Intel
[Dog Game Engine 17/04/2016 21:10:55]INFO: Vendor OpenGL: Intel(R) HD Graphics 4000
[Dog Game Engine 17/04/2016 21:10:55]INFO: Renderer OpenGL: 4.0.0 - Build 10.18.10.3316
[Dog Game Engine 17/04/2016 21:10:55]INFO: Version GLSL: 4.00 - Build 10.18.10.3316
[Dog Game Engine 17/04/2016 21:11:05]INFO: OpenGL was up successfully -- Dog Game Engine
[Dog Game Engine 17/04/2016 21:11:05]INFO: Version OpenGL: Intel
[Dog Game Engine 17/04/2016 21:11:05]INFO: Vendor OpenGL: Intel(R) HD Graphics 4000
[Dog Game Engine 17/04/2016 21:11:05]INFO: Renderer OpenGL: 4.0.0 - Build 10.18.10.3316
[Dog Game Engine 17/04/2016 21:11:05]INFO: Version GLSL: 4.00 - Build 10.18.10.3316
[Dog Game Engine 17/04/2016 21:11:20]INFO: OpenGL was up successfully -- Dog Game Engine
[Dog Game Engine 17/04/2016 21:11:20]INFO: Version OpenGL: Intel
[Dog Game Engine 17/04/2016 21:11:20]INFO: Vendor OpenGL: Intel(R) HD Graphics 4000
[Dog Game Engine 17/04/2016 21:11:20]INFO: Renderer OpenGL: 4.0.0 - Build 10.18.10.3316
[Dog Game Engine 17/04/2016 21:11:20]INFO: Version GLSL: 4.00 - Build 10.18.10.3316
[Dog Game Engine 17/04/2016 21:11:39]INFO: OpenGL was up successfully -- Dog Game Engine
[Dog Game Engine 17/04/2016 21:11:39]INFO: Version OpenGL: Intel
[Dog Game Engine 17/04/2016 21:11:39]INFO: Vendor OpenGL: Intel(R) HD Graphics 4000
[Dog Game Engine 17/04/2016 21:11:39]INFO: Renderer OpenGL: 4.0.0 - Build 10.18.10.3316
[Dog Game Engine 17/04/2016 21:11:39]INFO: Version GLSL: 4.00 - Build 10.18.10.3316
[Dog Game Engine 17/04/2016 21:13:34]INFO: OpenGL was up successfully -- Dog Game Engine
[Dog Game Engine 17/04/2016 21:13:34]INFO: Version OpenGL: Intel
[Dog Game Engine 17/04/2016 21:13:34]INFO: Vendor OpenGL: Intel(R) HD Graphics 4000
[Dog Game Engine 17/04/2016 21:13:34]INFO: Renderer OpenGL: 4.0.0 - Build 10.18.10.3316
[Dog Game Engine 17/04/2016 21:13:34]INFO: Version GLSL: 4.00 - Build 10.18.10.3316
[Dog Game Engine 17/04/2016 21:25:19]INFO: OpenGL was up successfully -- Dog Game Engine
[Dog Game Engine 17/04/2016 21:25:19]INFO: Version OpenGL: Intel
[Dog Game Engine 17/04/2016 21:25:19]INFO: Vendor OpenGL: Intel(R) HD Graphics 4000
[Dog Game Engine 17/04/2016 21:25:19]INFO: Renderer OpenGL: 4.0.0 - Build 10.18.10.3316
[Dog Game Engine 17/04/2016 21:25:19]INFO: Version GLSL: 4.00 - Build 10.18.10.3316
[Dog Game Engine 17/04/2016 21:58:26]INFO: OpenGL was up successfully -- Dog Game Engine
[Dog Game Engine 17/04/2016 21:58:26]INFO: Version OpenGL: Intel
[Dog Game Engine 17/04/2016 21:58:26]INFO: Vendor OpenGL: Intel(R) HD Graphics 4000
[Dog Game Engine 17/04/2016 21:58:26]INFO: Renderer OpenGL: 4.0.0 - Build 10.18.10.3316
[Dog Game Engine 17/04/2016 21:58:26]INFO: Version GLSL: 4.00 - Build 10.18.10.3316
[Dog Game Engine 17/04/2016 21:59:09]INFO: OpenGL was up successfully -- Dog Game Engine
[Dog Game Engine 17/04/2016 21:59:09]INFO: Version OpenGL: Intel
[Dog Game Engine 17/04/2016 21:59:09]INFO: Vendor OpenGL: Intel(R) HD Graphics 4000
[Dog Game Engine 17/04/2016 21:59:09]INFO: Renderer OpenGL: 4.0.0 - Build 10.18.10.3316
[Dog Game Engine 17/04/2016 21:59:09]INFO: Version GLSL: 4.00 - Build 10.18.10.3316
[Dog Game Engine 28/05/2016 14:52:15]INFO: OpenGL was up successfully -- Dog Game Engine
[Dog Game Engine 28/05/2016 14:52:15]INFO: Version OpenGL: Intel
[Dog Game Engine 28/05/2016 14:52:15]INFO: Vendor OpenGL: Intel(R) HD Graphics 4000
[Dog Game Engine 28/05/2016 14:52:15]INFO: Renderer OpenGL: 4.0.0 - Build 10.18.10.3316
[Dog Game Engine 28/05/2016 14:52:15]INFO: Version GLSL: 4.00 - Build 10.18.10.3316
[Dog Game Engine 28/05/2016 14:52:27]ERROR: LoadTexture:: Could not load glx/img/C.png: Couldn't open glx/img/C.png
[Dog Game Engine 28/05/2016 14:52:27]ERROR: Sprite::LoadTexture:: it couldn't load the texture
[Dog Game Engine 28/05/2016 14:52:27]ERROR: LoadTexture:: Could not load glx/img/C.png: Couldn't open glx/img/C.png
[Dog Game Engine 28/05/2016 14:52:27]ERROR: Sprite::LoadTexture:: it couldn't load the texture
[Dog Game Engine 28/05/2016 14:52:27]ERROR: LoadTexture:: Could not load glx/img/C.png: Couldn't open glx/img/C.png
[Dog Game Engine 28/05/2016 14:52:27]ERROR: Sprite::LoadTexture:: it couldn't load the texture
[Dog Game Engine 28/05/2016 14:52:27]ERROR: LoadTexture:: Could not load glx/img/C.png: Couldn't open glx/img/C.png
[Dog Game Engine 28/05/2016 14:52:27]ERROR: Sprite::LoadTexture:: it couldn't load the texture
[Dog Game Engine 28/05/2016 14:52:27]ERROR: LoadTexture:: Could not load glx/img/C.png: Couldn't open glx/img/C.png
[Dog Game Engine 28/05/2016 14:52:27]ERROR: Sprite::LoadTexture:: it couldn't load the texture
[Dog Game Engine 28/05/2016 14:52:27]ERROR: LoadTexture:: Could not load glx/img/C.png: Couldn't open glx/img/C.png
[Dog Game Engine 28/05/2016 14:52:27]ERROR: Sprite::LoadTexture:: it couldn't load the texture
[Dog Game Engine 28/05/2016 14:52:27]ERROR: LoadTexture:: Could not load glx/img/C.png: Couldn't open glx/img/C.png
[Dog Game Engine 28/05/2016 14:52:27]ERROR: Sprite::LoadTexture:: it couldn't load the texture
[Dog Game Engine 28/05/2016 14:52:27]ERROR: LoadTexture:: Could not load glx/img/C.png: Couldn't open glx/img/C.png
[Dog Game Engine 28/05/2016 14:52:27]ERROR: Sprite::LoadTexture:: it couldn't load the texture
[Dog Game Engine 28/05/2016 14:52:27]ERROR: LoadTexture:: Could not load glx/img/C.png: Couldn't open glx/img/C.png
[Dog Game Engine 28/05/2016 14:52:27]ERROR: Sprite::LoadTexture:: it couldn't load the texture
[Dog Game Engine 28/05/2016 14:52:27]ERROR: LoadTexture:: Could not load glx/img/C.png: Couldn't open glx/img/C.png
[Dog Game Engine 28/05/2016 14:52:27]ERROR: Sprite::LoadTexture:: it couldn't load the texture
[Dog Game Engine 28/05/2016 14:52:27]ERROR: LoadTexture:: Could not load glx/img/C.png: Couldn't open glx/img/C.png
[Dog Game Engine 28/05/2016 14:52:27]ERROR: Sprite::LoadTexture:: it couldn't load the texture
[Dog Game Engine 28/05/2016 14:52:27]ERROR: LoadTexture:: Could not load glx/img/C.png: Couldn't open glx/img/C.png
[Dog Game Engine 28/05/2016 14:52:27]ERROR: Sprite::LoadTexture:: it couldn't load the texture
[Dog Game Engine 28/05/2016 14:52:27]ERROR: LoadTexture:: Could not load glx/img/C.png: Couldn't open glx/img/C.png
[Dog Game Engine 28/05/2016 14:52:27]ERROR: Sprite::LoadTexture:: it couldn't load the texture
[Dog Game Engine 28/05/2016 14:52:27]ERROR: LoadTexture:: Could not load glx/img/C.png: Couldn't open glx/img/C.png
[Dog Game Engine 28/05/2016 14:52:27]ERROR: Sprite::LoadTexture:: it couldn't load the texture
[Dog Game Engine 28/05/2016 14:52:27]ERROR: LoadTexture:: Could not load glx/img/C.png: Couldn't open glx/img/C.png
[Dog Game Engine 28/05/2016 14:52:27]ERROR: Sprite::LoadTexture:: it couldn't load the texture
[Dog Game Engine 28/05/2016 14:52:27]ERROR: LoadTexture:: Could not load glx/img/C.png: Couldn't open glx/img/C.png
[Dog Game Engine 28/05/2016 14:52:27]ERROR: Sprite::LoadTexture:: it couldn't load the texture
[Dog Game Engine 28/05/2016 14:52:27]ERROR: LoadTexture:: Could not load glx/img/C.png: Couldn't open glx/img/C.png
[Dog Game Engine 28/05/2016 14:52:27]ERROR: Sprite::LoadTexture:: it couldn't load the texture
[Dog Game Engine 28/05/2016 14:52:27]ERROR: LoadTexture:: Could not load glx/img/C.png: Couldn't open glx/img/C.png
[Dog Game Engine 28/05/2016 14:52:27]ERROR: Sprite::LoadTexture:: it couldn't load the texture
[Dog Game Engine 28/05/2016 14:52:27]ERROR: LoadTexture:: Could not load glx/img/C.png: Couldn't open glx/img/C.png
[Dog Game Engine 28/05/2016 14:52:27]ERROR: Sprite::LoadTexture:: it couldn't load the texture
[Dog Game Engine 28/05/2016 14:52:27]ERROR: LoadTexture:: Could not load glx/img/C.png: Couldn't open glx/img/C.png
[Dog Game Engine 28/05/2016 14:52:27]ERROR: Sprite::LoadTexture:: it couldn't load the texture
[Dog Game Engine 28/05/2016 14:52:27]ERROR: LoadTexture:: Could not load glx/img/C.png: Couldn't open glx/img/C.png
[Dog Game Engine 28/05/2016 14:52:27]ERROR: Sprite::LoadTexture:: it couldn't load the texture
[Dog Game Engine 28/05/2016 14:52:27]ERROR: LoadTexture:: Could not load glx/img/C.png: Couldn't open glx/img/C.png
[Dog Game Engine 28/05/2016 14:52:27]ERROR: Sprite::LoadTexture:: it couldn't load the texture
[Dog Game Engine 28/05/2016 14:52:27]ERROR: LoadTexture:: Could not load glx/img/C.png: Couldn't open glx/img/C.png
[Dog Game Engine 28/05/2016 14:52:27]ERROR: Sprite::LoadTexture:: it couldn't load the texture
[Dog Game Engine 28/05/2016 14:52:27]ERROR: LoadTexture:: Could not load glx/img/C.png: Couldn't open glx/img/C.png
[Dog Game Engine 28/05/2016 14:52:27]ERROR: Sprite::LoadTexture:: it couldn't load the texture
[Dog Game Engine 28/05/2016 15:12:47]INFO: OpenGL was up successfully -- Dog Game Engine
[Dog Game Engine 28/05/2016 15:12:47]INFO: Version OpenGL: Intel
[Dog Game Engine 28/05/2016 15:12:47]INFO: Vendor OpenGL: Intel(R) HD Graphics 4000
[Dog Game Engine 28/05/2016 15:12:47]INFO: Renderer OpenGL: 4.0.0 - Build 10.18.10.3316
[Dog Game Engine 28/05/2016 15:12:47]INFO: Version GLSL: 4.00 - Build 10.18.10.3316
[Dog Game Engine 28/05/2016 15:12:59]ERROR: LoadTexture:: Could not load glx/img/C.png: Couldn't open glx/img/C.png
[Dog Game Engine 28/05/2016 15:12:59]ERROR: Sprite::LoadTexture:: it couldn't load the texture
[Dog Game Engine 28/05/2016 15:12:59]ERROR: LoadTexture:: Could not load glx/img/C.png: Couldn't open glx/img/C.png
[Dog Game Engine 28/05/2016 15:12:59]ERROR: Sprite::LoadTexture:: it couldn't load the texture
[Dog Game Engine 28/05/2016 15:13:00]ERROR: LoadTexture:: Could not load glx/img/C.png: Couldn't open glx/img/C.png
[Dog Game Engine 28/05/2016 15:13:00]ERROR: Sprite::LoadTexture:: it couldn't load the texture
[Dog Game Engine 28/05/2016 15:13:00]ERROR: LoadTexture:: Could not load glx/img/C.png: Couldn't open glx/img/C.png
[Dog Game Engine 28/05/2016 15:13:00]ERROR: Sprite::LoadTexture:: it couldn't load the texture
[Dog Game Engine 28/05/2016 15:13:00]ERROR: LoadTexture:: Could not load glx/img/C.png: Couldn't open glx/img/C.png
[Dog Game Engine 28/05/2016 15:13:00]ERROR: Sprite::LoadTexture:: it couldn't load the texture
[Dog Game Engine 28/05/2016 15:13:00]ERROR: LoadTexture:: Could not load glx/img/C.png: Couldn't open glx/img/C.png
[Dog Game Engine 28/05/2016 15:13:00]ERROR: Sprite::LoadTexture:: it couldn't load the texture
[Dog Game Engine 28/05/2016 15:13:00]ERROR: LoadTexture:: Could not load glx/img/C.png: Couldn't open glx/img/C.png
[Dog Game Engine 28/05/2016 15:13:00]ERROR: Sprite::LoadTexture:: it couldn't load the texture
[Dog Game Engine 28/05/2016 15:13:00]ERROR: LoadTexture:: Could not load glx/img/C.png: Couldn't open glx/img/C.png
[Dog Game Engine 28/05/2016 15:13:00]ERROR: Sprite::LoadTexture:: it couldn't load the texture
[Dog Game Engine 28/05/2016 15:13:00]ERROR: LoadTexture:: Could not load glx/img/C.png: Couldn't open glx/img/C.png
[Dog Game Engine 28/05/2016 15:13:00]ERROR: Sprite::LoadTexture:: it couldn't load the texture
[Dog Game Engine 28/05/2016 15:13:00]ERROR: LoadTexture:: Could not load glx/img/C.png: Couldn't open glx/img/C.png
[Dog Game Engine 28/05/2016 15:13:00]ERROR: Sprite::LoadTexture:: it couldn't load the texture
[Dog Game Engine 28/05/2016 15:13:00]ERROR: LoadTexture:: Could not load glx/img/C.png: Couldn't open glx/img/C.png
[Dog Game Engine 28/05/2016 15:13:00]ERROR: Sprite::LoadTexture:: it couldn't load the texture
[Dog Game Engine 28/05/2016 15:13:00]ERROR: LoadTexture:: Could not load glx/img/C.png: Couldn't open glx/img/C.png
[Dog Game Engine 28/05/2016 15:13:00]ERROR: Sprite::LoadTexture:: it couldn't load the texture
[Dog Game Engine 28/05/2016 15:13:00]ERROR: LoadTexture:: Could not load glx/img/C.png: Couldn't open glx/img/C.png
[Dog Game Engine 28/05/2016 15:13:00]ERROR: Sprite::LoadTexture:: it couldn't load the texture
[Dog Game Engine 28/05/2016 15:13:00]ERROR: LoadTexture:: Could not load glx/img/C.png: Couldn't open glx/img/C.png
[Dog Game Engine 28/05/2016 15:13:00]ERROR: Sprite::LoadTexture:: it couldn't load the texture
[Dog Game Engine 28/05/2016 15:13:00]ERROR: LoadTexture:: Could not load glx/img/C.png: Couldn't open glx/img/C.png
[Dog Game Engine 28/05/2016 15:13:00]ERROR: Sprite::LoadTexture:: it couldn't load the texture
[Dog Game Engine 28/05/2016 15:13:00]ERROR: LoadTexture:: Could not load glx/img/C.png: Couldn't open glx/img/C.png
[Dog Game Engine 28/05/2016 15:13:00]ERROR: Sprite::LoadTexture:: it couldn't load the texture
[Dog Game Engine 28/05/2016 15:13:00]ERROR: LoadTexture:: Could not load glx/img/C.png: Couldn't open glx/img/C.png
[Dog Game Engine 28/05/2016 15:13:00]ERROR: Sprite::LoadTexture:: it couldn't load the texture
[Dog Game Engine 28/05/2016 15:13:00]ERROR: LoadTexture:: Could not load glx/img/C.png: Couldn't open glx/img/C.png
[Dog Game Engine 28/05/2016 15:13:00]ERROR: Sprite::LoadTexture:: it couldn't load the texture
[Dog Game Engine 28/05/2016 15:13:00]ERROR: LoadTexture:: Could not load glx/img/C.png: Couldn't open glx/img/C.png
[Dog Game Engine 28/05/2016 15:13:00]ERROR: Sprite::LoadTexture:: it couldn't load the texture
[Dog Game Engine 28/05/2016 15:13:00]ERROR: LoadTexture:: Could not load glx/img/C.png: Couldn't open glx/img/C.png
[Dog Game Engine 28/05/2016 15:13:00]ERROR: Sprite::LoadTexture:: it couldn't load the texture
[Dog Game Engine 28/05/2016 15:13:00]ERROR: LoadTexture:: Could not load glx/img/C.png: Couldn't open glx/img/C.png
[Dog Game Engine 28/05/2016 15:13:00]ERROR: Sprite::LoadTexture:: it couldn't load the texture
[Dog Game Engine 28/05/2016 15:13:00]ERROR: LoadTexture:: Could not load glx/img/C.png: Couldn't open glx/img/C.png
[Dog Game Engine 28/05/2016 15:13:00]ERROR: Sprite::LoadTexture:: it couldn't load the texture
[Dog Game Engine 28/05/2016 15:13:00]ERROR: LoadTexture:: Could not load glx/img/C.png: Couldn't open glx/img/C.png
[Dog Game Engine 28/05/2016 15:13:00]ERROR: Sprite::LoadTexture:: it couldn't load the texture
[Dog Game Engine 28/05/2016 15:13:00]ERROR: LoadTexture:: Could not load glx/img/C.png: Couldn't open glx/img/C.png
[Dog Game Engine 28/05/2016 15:13:00]ERROR: Sprite::LoadTexture:: it couldn't load the texture
[Dog Game Engine 28/05/2016 15:13:40]INFO: OpenGL was up successfully -- Dog Game Engine
[Dog Game Engine 28/05/2016 15:13:40]INFO: Version OpenGL: Intel
[Dog Game Engine 28/05/2016 15:13:40]INFO: Vendor OpenGL: Intel(R) HD Graphics 4000
[Dog Game Engine 28/05/2016 15:13:40]INFO: Renderer OpenGL: 4.0.0 - Build 10.18.10.3316
[Dog Game Engine 28/05/2016 15:13:40]INFO: Version GLSL: 4.00 - Build 10.18.10.3316
[Dog Game Engine 28/05/2016 15:13:51]ERROR: LoadTexture:: Could not load glx/img/C.png: Couldn't open glx/img/C.png
[Dog Game Engine 28/05/2016 15:13:51]ERROR: Sprite::LoadTexture:: it couldn't load the texture
[Dog Game Engine 28/05/2016 15:13:51]ERROR: LoadTexture:: Could not load glx/img/C.png: Couldn't open glx/img/C.png
[Dog Game Engine 28/05/2016 15:13:51]ERROR: Sprite::LoadTexture:: it couldn't load the texture
[Dog Game Engine 28/05/2016 15:13:51]ERROR: LoadTexture:: Could not load glx/img/C.png: Couldn't open glx/img/C.png
[Dog Game Engine 28/05/2016 15:13:51]ERROR: Sprite::LoadTexture:: it couldn't load the texture
[Dog Game Engine 28/05/2016 15:13:51]ERROR: LoadTexture:: Could not load glx/img/C.png: Couldn't open glx/img/C.png
[Dog Game Engine 28/05/2016 15:13:51]ERROR: Sprite::LoadTexture:: it couldn't load the texture
[Dog Game Engine 28/05/2016 15:13:51]ERROR: LoadTexture:: Could not load glx/img/C.png: Couldn't open glx/img/C.png
[Dog Game Engine 28/05/2016 15:13:51]ERROR: Sprite::LoadTexture:: it couldn't load the texture
[Dog Game Engine 28/05/2016 15:13:51]ERROR: LoadTexture:: Could not load glx/img/C.png: Couldn't open glx/img/C.png
[Dog Game Engine 28/05/2016 15:13:51]ERROR: Sprite::LoadTexture:: it couldn't load the texture
[Dog Game Engine 28/05/2016 15:13:51]ERROR: LoadTexture:: Could not load glx/img/C.png: Couldn't open glx/img/C.png
[Dog Game Engine 28/05/2016 15:13:51]ERROR: Sprite::LoadTexture:: it couldn't load the texture
[Dog Game Engine 28/05/2016 15:13:51]ERROR: LoadTexture:: Could not load glx/img/C.png: Couldn't open glx/img/C.png
[Dog Game Engine 28/05/2016 15:13:51]ERROR: Sprite::LoadTexture:: it couldn't load the texture
[Dog Game Engine 28/05/2016 15:13:52]ERROR: LoadTexture:: Could not load glx/img/C.png: Couldn't open glx/img/C.png
[Dog Game Engine 28/05/2016 15:13:52]ERROR: Sprite::LoadTexture:: it couldn't load the texture
[Dog Game Engine 28/05/2016 15:13:52]ERROR: LoadTexture:: Could not load glx/img/C.png: Couldn't open glx/img/C.png
[Dog Game Engine 28/05/2016 15:13:52]ERROR: Sprite::LoadTexture:: it couldn't load the texture
[Dog Game Engine 28/05/2016 15:13:52]ERROR: LoadTexture:: Could not load glx/img/C.png: Couldn't open glx/img/C.png
[Dog Game Engine 28/05/2016 15:13:52]ERROR: Sprite::LoadTexture:: it couldn't load the texture
[Dog Game Engine 28/05/2016 15:13:52]ERROR: LoadTexture:: Could not load glx/img/C.png: Couldn't open glx/img/C.png
[Dog Game Engine 28/05/2016 15:13:52]ERROR: Sprite::LoadTexture:: it couldn't load the texture
[Dog Game Engine 28/05/2016 15:13:52]ERROR: LoadTexture:: Could not load glx/img/C.png: Couldn't open glx/img/C.png
[Dog Game Engine 28/05/2016 15:13:52]ERROR: Sprite::LoadTexture:: it couldn't load the texture
[Dog Game Engine 28/05/2016 15:13:52]ERROR: LoadTexture:: Could not load glx/img/C.png: Couldn't open glx/img/C.png
[Dog Game Engine 28/05/2016 15:13:52]ERROR: Sprite::LoadTexture:: it couldn't load the texture
[Dog Game Engine 28/05/2016 15:13:52]ERROR: LoadTexture:: Could not load glx/img/C.png: Couldn't open glx/img/C.png
[Dog Game Engine 28/05/2016 15:13:52]ERROR: Sprite::LoadTexture:: it couldn't load the texture
[Dog Game Engine 28/05/2016 15:13:52]ERROR: LoadTexture:: Could not load glx/img/C.png: Couldn't open glx/img/C.png
[Dog Game Engine 28/05/2016 15:13:52]ERROR: Sprite::LoadTexture:: it couldn't load the texture
[Dog Game Engine 28/05/2016 15:13:52]ERROR: LoadTexture:: Could not load glx/img/C.png: Couldn't open glx/img/C.png
[Dog Game Engine 28/05/2016 15:13:52]ERROR: Sprite::LoadTexture:: it couldn't load the texture
[Dog Game Engine 28/05/2016 15:13:52]ERROR: LoadTexture:: Could not load glx/img/C.png: Couldn't open glx/img/C.png
[Dog Game Engine 28/05/2016 15:13:52]ERROR: Sprite::LoadTexture:: it couldn't load the texture
[Dog Game Engine 28/05/2016 15:13:52]ERROR: LoadTexture:: Could not load glx/img/C.png: Couldn't open glx/img/C.png
[Dog Game Engine 28/05/2016 15:13:52]ERROR: Sprite::LoadTexture:: it couldn't load the texture
[Dog Game Engine 28/05/2016 15:13:52]ERROR: LoadTexture:: Could not load glx/img/C.png: Couldn't open glx/img/C.png
[Dog Game Engine 28/05/2016 15:13:52]ERROR: Sprite::LoadTexture:: it couldn't load the texture
[Dog Game Engine 28/05/2016 15:13:52]ERROR: LoadTexture:: Could not load glx/img/C.png: Couldn't open glx/img/C.png
[Dog Game Engine 28/05/2016 15:13:52]ERROR: Sprite::LoadTexture:: it couldn't load the texture
[Dog Game Engine 28/05/2016 15:13:52]ERROR: LoadTexture:: Could not load glx/img/C.png: Couldn't open glx/img/C.png
[Dog Game Engine 28/05/2016 15:13:52]ERROR: Sprite::LoadTexture:: it couldn't load the texture
[Dog Game Engine 28/05/2016 15:13:52]ERROR: LoadTexture:: Could not load glx/img/C.png: Couldn't open glx/img/C.png
[Dog Game Engine 28/05/2016 15:13:52]ERROR: Sprite::LoadTexture:: it couldn't load the texture
[Dog Game Engine 28/05/2016 15:13:52]ERROR: LoadTexture:: Could not load glx/img/C.png: Couldn't open glx/img/C.png
[Dog Game Engine 28/05/2016 15:13:52]ERROR: Sprite::LoadTexture:: it couldn't load the texture
[Dog Game Engine 28/05/2016 15:15:15]INFO: OpenGL was up successfully -- Dog Game Engine
[Dog Game Engine 28/05/2016 15:15:15]INFO: Version OpenGL: Intel
[Dog Game Engine 28/05/2016 15:15:15]INFO: Vendor OpenGL: Intel(R) HD Graphics 4000
[Dog Game Engine 28/05/2016 15:15:15]INFO: Renderer OpenGL: 4.0.0 - Build 10.18.10.3316
[Dog Game Engine 28/05/2016 15:15:15]INFO: Version GLSL: 4.00 - Build 10.18.10.3316
[Dog Game Engine 28/05/2016 15:15:31]ERROR: LoadTexture:: Could not load glx/img/C.png: Couldn't open glx/img/C.png
[Dog Game Engine 28/05/2016 15:15:31]ERROR: Sprite::LoadTexture:: it couldn't load the texture
[Dog Game Engine 28/05/2016 15:15:31]ERROR: LoadTexture:: Could not load glx/img/C.png: Couldn't open glx/img/C.png
[Dog Game Engine 28/05/2016 15:15:31]ERROR: Sprite::LoadTexture:: it couldn't load the texture
[Dog Game Engine 28/05/2016 15:15:31]ERROR: LoadTexture:: Could not load glx/img/C.png: Couldn't open glx/img/C.png
[Dog Game Engine 28/05/2016 15:15:31]ERROR: Sprite::LoadTexture:: it couldn't load the texture
[Dog Game Engine 28/05/2016 15:15:31]ERROR: LoadTexture:: Could not load glx/img/C.png: Couldn't open glx/img/C.png
[Dog Game Engine 28/05/2016 15:15:31]ERROR: Sprite::LoadTexture:: it couldn't load the texture
[Dog Game Engine 28/05/2016 15:15:31]ERROR: LoadTexture:: Could not load glx/img/C.png: Couldn't open glx/img/C.png
[Dog Game Engine 28/05/2016 15:15:31]ERROR: Sprite::LoadTexture:: it couldn't load the texture
[Dog Game Engine 28/05/2016 15:15:31]ERROR: LoadTexture:: Could not load glx/img/C.png: Couldn't open glx/img/C.png
[Dog Game Engine 28/05/2016 15:15:31]ERROR: Sprite::LoadTexture:: it couldn't load the texture
[Dog Game Engine 28/05/2016 15:15:31]ERROR: LoadTexture:: Could not load glx/img/C.png: Couldn't open glx/img/C.png
[Dog Game Engine 28/05/2016 15:15:31]ERROR: Sprite::LoadTexture:: it couldn't load the texture
[Dog Game Engine 28/05/2016 15:15:31]ERROR: LoadTexture:: Could not load glx/img/C.png: Couldn't open glx/img/C.png
[Dog Game Engine 28/05/2016 15:15:31]ERROR: Sprite::LoadTexture:: it couldn't load the texture
[Dog Game Engine 28/05/2016 15:15:31]ERROR: LoadTexture:: Could not load glx/img/C.png: Couldn't open glx/img/C.png
[Dog Game Engine 28/05/2016 15:15:31]ERROR: Sprite::LoadTexture:: it couldn't load the texture
[Dog Game Engine 28/05/2016 15:15:31]ERROR: LoadTexture:: Could not load glx/img/C.png: Couldn't open glx/img/C.png
[Dog Game Engine 28/05/2016 15:15:31]ERROR: Sprite::LoadTexture:: it couldn't load the texture
[Dog Game Engine 28/05/2016 15:15:31]ERROR: LoadTexture:: Could not load glx/img/C.png: Couldn't open glx/img/C.png
[Dog Game Engine 28/05/2016 15:15:31]ERROR: Sprite::LoadTexture:: it couldn't load the texture
[Dog Game Engine 28/05/2016 15:15:31]ERROR: LoadTexture:: Could not load glx/img/C.png: Couldn't open glx/img/C.png
[Dog Game Engine 28/05/2016 15:15:31]ERROR: Sprite::LoadTexture:: it couldn't load the texture
[Dog Game Engine 28/05/2016 15:15:31]ERROR: LoadTexture:: Could not load glx/img/C.png: Couldn't open glx/img/C.png
[Dog Game Engine 28/05/2016 15:15:31]ERROR: Sprite::LoadTexture:: it couldn't load the texture
[Dog Game Engine 28/05/2016 15:15:31]ERROR: LoadTexture:: Could not load glx/img/C.png: Couldn't open glx/img/C.png
[Dog Game Engine 28/05/2016 15:15:31]ERROR: Sprite::LoadTexture:: it couldn't load the texture
[Dog Game Engine 28/05/2016 15:15:31]ERROR: LoadTexture:: Could not load glx/img/C.png: Couldn't open glx/img/C.png
[Dog Game Engine 28/05/2016 15:15:31]ERROR: Sprite::LoadTexture:: it couldn't load the texture
[Dog Game Engine 28/05/2016 15:15:31]ERROR: LoadTexture:: Could not load glx/img/C.png: Couldn't open glx/img/C.png
[Dog Game Engine 28/05/2016 15:15:31]ERROR: Sprite::LoadTexture:: it couldn't load the texture
[Dog Game Engine 28/05/2016 15:15:31]ERROR: LoadTexture:: Could not load glx/img/C.png: Couldn't open glx/img/C.png
[Dog Game Engine 28/05/2016 15:15:31]ERROR: Sprite::LoadTexture:: it couldn't load the texture
[Dog Game Engine 28/05/2016 15:15:31]ERROR: LoadTexture:: Could not load glx/img/C.png: Couldn't open glx/img/C.png
[Dog Game Engine 28/05/2016 15:15:31]ERROR: Sprite::LoadTexture:: it couldn't load the texture
[Dog Game Engine 28/05/2016 15:15:31]ERROR: LoadTexture:: Could not load glx/img/C.png: Couldn't open glx/img/C.png
[Dog Game Engine 28/05/2016 15:15:31]ERROR: Sprite::LoadTexture:: it couldn't load the texture
[Dog Game Engine 28/05/2016 15:15:31]ERROR: LoadTexture:: Could not load glx/img/C.png: Couldn't open glx/img/C.png
[Dog Game Engine 28/05/2016 15:15:31]ERROR: Sprite::LoadTexture:: it couldn't load the texture
[Dog Game Engine 28/05/2016 15:15:31]ERROR: LoadTexture:: Could not load glx/img/C.png: Couldn't open glx/img/C.png
[Dog Game Engine 28/05/2016 15:15:31]ERROR: Sprite::LoadTexture:: it couldn't load the texture
[Dog Game Engine 28/05/2016 15:15:31]ERROR: LoadTexture:: Could not load glx/img/C.png: Couldn't open glx/img/C.png
[Dog Game Engine 28/05/2016 15:15:31]ERROR: Sprite::LoadTexture:: it couldn't load the texture
[Dog Game Engine 28/05/2016 15:15:31]ERROR: LoadTexture:: Could not load glx/img/C.png: Couldn't open glx/img/C.png
[Dog Game Engine 28/05/2016 15:15:31]ERROR: Sprite::LoadTexture:: it couldn't load the texture
[Dog Game Engine 28/05/2016 15:15:31]ERROR: LoadTexture:: Could not load glx/img/C.png: Couldn't open glx/img/C.png
[Dog Game Engine 28/05/2016 15:15:31]ERROR: Sprite::LoadTexture:: it couldn't load the texture
[Dog Game Engine 28/05/2016 15:19:39]INFO: OpenGL was up successfully -- Dog Game Engine
[Dog Game Engine 28/05/2016 15:19:39]INFO: Version OpenGL: Intel
[Dog Game Engine 28/05/2016 15:19:39]INFO: Vendor OpenGL: Intel(R) HD Graphics 4000
[Dog Game Engine 28/05/2016 15:19:39]INFO: Renderer OpenGL: 4.0.0 - Build 10.18.10.3316
[Dog Game Engine 28/05/2016 15:19:39]INFO: Version GLSL: 4.00 - Build 10.18.10.3316
[Dog Game Engine 28/05/2016 15:19:50]ERROR: LoadTexture:: Could not load glx/img/C.png: Couldn't open glx/img/C.png
[Dog Game Engine 28/05/2016 15:19:50]ERROR: Sprite::LoadTexture:: it couldn't load the texture
[Dog Game Engine 28/05/2016 15:19:50]ERROR: LoadTexture:: Could not load glx/img/C.png: Couldn't open glx/img/C.png
[Dog Game Engine 28/05/2016 15:19:50]ERROR: Sprite::LoadTexture:: it couldn't load the texture
[Dog Game Engine 28/05/2016 15:19:50]ERROR: LoadTexture:: Could not load glx/img/C.png: Couldn't open glx/img/C.png
[Dog Game Engine 28/05/2016 15:19:50]ERROR: Sprite::LoadTexture:: it couldn't load the texture
[Dog Game Engine 28/05/2016 15:19:50]ERROR: LoadTexture:: Could not load glx/img/C.png: Couldn't open glx/img/C.png
[Dog Game Engine 28/05/2016 15:19:50]ERROR: Sprite::LoadTexture:: it couldn't load the texture
[Dog Game Engine 28/05/2016 15:19:50]ERROR: LoadTexture:: Could not load glx/img/C.png: Couldn't open glx/img/C.png
[Dog Game Engine 28/05/2016 15:19:50]ERROR: Sprite::LoadTexture:: it couldn't load the texture
[Dog Game Engine 28/05/2016 15:19:50]ERROR: LoadTexture:: Could not load glx/img/C.png: Couldn't open glx/img/C.png
[Dog Game Engine 28/05/2016 15:19:50]ERROR: Sprite::LoadTexture:: it couldn't load the texture
[Dog Game Engine 28/05/2016 15:19:50]ERROR: LoadTexture:: Could not load glx/img/C.png: Couldn't open glx/img/C.png
[Dog Game Engine 28/05/2016 15:19:50]ERROR: Sprite::LoadTexture:: it couldn't load the texture
[Dog Game Engine 28/05/2016 15:19:50]ERROR: LoadTexture:: Could not load glx/img/C.png: Couldn't open glx/img/C.png
[Dog Game Engine 28/05/2016 15:19:50]ERROR: Sprite::LoadTexture:: it couldn't load the texture
[Dog Game Engine 28/05/2016 15:19:50]ERROR: LoadTexture:: Could not load glx/img/C.png: Couldn't open glx/img/C.png
[Dog Game Engine 28/05/2016 15:19:50]ERROR: Sprite::LoadTexture:: it couldn't load the texture
[Dog Game Engine 28/05/2016 15:19:50]ERROR: LoadTexture:: Could not load glx/img/C.png: Couldn't open glx/img/C.png
[Dog Game Engine 28/05/2016 15:19:50]ERROR: Sprite::LoadTexture:: it couldn't load the texture
[Dog Game Engine 28/05/2016 15:19:50]ERROR: LoadTexture:: Could not load glx/img/C.png: Couldn't open glx/img/C.png
[Dog Game Engine 28/05/2016 15:19:50]ERROR: Sprite::LoadTexture:: it couldn't load the texture
[Dog Game Engine 28/05/2016 15:19:50]ERROR: LoadTexture:: Could not load glx/img/C.png: Couldn't open glx/img/C.png
[Dog Game Engine 28/05/2016 15:19:50]ERROR: Sprite::LoadTexture:: it couldn't load the texture
[Dog Game Engine 28/05/2016 15:19:50]ERROR: LoadTexture:: Could not load glx/img/C.png: Couldn't open glx/img/C.png
[Dog Game Engine 28/05/2016 15:19:50]ERROR: Sprite::LoadTexture:: it couldn't load the texture
[Dog Game Engine 28/05/2016 15:19:50]ERROR: LoadTexture:: Could not load glx/img/C.png: Couldn't open glx/img/C.png
[Dog Game Engine 28/05/2016 15:19:50]ERROR: Sprite::LoadTexture:: it couldn't load the texture
[Dog Game Engine 28/05/2016 15:19:50]ERROR: LoadTexture:: Could not load glx/img/C.png: Couldn't open glx/img/C.png
[Dog Game Engine 28/05/2016 15:19:50]ERROR: Sprite::LoadTexture:: it couldn't load the texture
[Dog Game Engine 28/05/2016 15:19:50]ERROR: LoadTexture:: Could not load glx/img/C.png: Couldn't open glx/img/C.png
[Dog Game Engine 28/05/2016 15:19:50]ERROR: Sprite::LoadTexture:: it couldn't load the texture
[Dog Game Engine 28/05/2016 15:19:50]ERROR: LoadTexture:: Could not load glx/img/C.png: Couldn't open glx/img/C.png
[Dog Game Engine 28/05/2016 15:19:50]ERROR: Sprite::LoadTexture:: it couldn't load the texture
[Dog Game Engine 28/05/2016 15:19:50]ERROR: LoadTexture:: Could not load glx/img/C.png: Couldn't open glx/img/C.png
[Dog Game Engine 28/05/2016 15:19:50]ERROR: Sprite::LoadTexture:: it couldn't load the texture
[Dog Game Engine 28/05/2016 15:19:50]ERROR: LoadTexture:: Could not load glx/img/C.png: Couldn't open glx/img/C.png
[Dog Game Engine 28/05/2016 15:19:50]ERROR: Sprite::LoadTexture:: it couldn't load the texture
[Dog Game Engine 28/05/2016 15:19:50]ERROR: LoadTexture:: Could not load glx/img/C.png: Couldn't open glx/img/C.png
[Dog Game Engine 28/05/2016 15:19:50]ERROR: Sprite::LoadTexture:: it couldn't load the texture
[Dog Game Engine 28/05/2016 15:19:50]ERROR: LoadTexture:: Could not load glx/img/C.png: Couldn't open glx/img/C.png
[Dog Game Engine 28/05/2016 15:19:50]ERROR: Sprite::LoadTexture:: it couldn't load the texture
[Dog Game Engine 28/05/2016 15:19:50]ERROR: LoadTexture:: Could not load glx/img/C.png: Couldn't open glx/img/C.png
[Dog Game Engine 28/05/2016 15:19:50]ERROR: Sprite::LoadTexture:: it couldn't load the texture
[Dog Game Engine 28/05/2016 15:19:50]ERROR: LoadTexture:: Could not load glx/img/C.png: Couldn't open glx/img/C.png
[Dog Game Engine 28/05/2016 15:19:50]ERROR: Sprite::LoadTexture:: it couldn't load the texture
[Dog Game Engine 28/05/2016 15:19:50]ERROR: LoadTexture:: Could not load glx/img/C.png: Couldn't open glx/img/C.png
[Dog Game Engine 28/05/2016 15:19:50]ERROR: Sprite::LoadTexture:: it couldn't load the texture
[Dog Game Engine 28/05/2016 15:20:32]INFO: OpenGL was up successfully -- Dog Game Engine
[Dog Game Engine 28/05/2016 15:20:32]INFO: Version OpenGL: Intel
[Dog Game Engine 28/05/2016 15:20:32]INFO: Vendor OpenGL: Intel(R) HD Graphics 4000
[Dog Game Engine 28/05/2016 15:20:32]INFO: Renderer OpenGL: 4.0.0 - Build 10.18.10.3316
[Dog Game Engine 28/05/2016 15:20:32]INFO: Version GLSL: 4.00 - Build 10.18.10.3316
[Dog Game Engine 28/05/2016 15:21:51]INFO: OpenGL was up successfully -- Dog Game Engine
[Dog Game Engine 28/05/2016 15:21:51]INFO: Version OpenGL: Intel
[Dog Game Engine 28/05/2016 15:21:51]INFO: Vendor OpenGL: Intel(R) HD Graphics 4000
[Dog Game Engine 28/05/2016 15:21:51]INFO: Renderer OpenGL: 4.0.0 - Build 10.18.10.3316
[Dog Game Engine 28/05/2016 15:21:51]INFO: Version GLSL: 4.00 - Build 10.18.10.3316
[Dog Game Engine 28/05/2016 15:41:51]INFO: OpenGL was up successfully -- Dog Game Engine
[Dog Game Engine 28/05/2016 15:41:51]INFO: Version OpenGL: Intel
[Dog Game Engine 28/05/2016 15:41:51]INFO: Vendor OpenGL: Intel(R) HD Graphics 4000
[Dog Game Engine 28/05/2016 15:41:51]INFO: Renderer OpenGL: 4.0.0 - Build 10.18.10.3316
[Dog Game Engine 28/05/2016 15:41:51]INFO: Version GLSL: 4.00 - Build 10.18.10.3316
[Dog Game Engine 28/05/2016 15:44:09]INFO: OpenGL was up successfully -- Dog Game Engine
[Dog Game Engine 28/05/2016 15:44:09]INFO: Version OpenGL: Intel
[Dog Game Engine 28/05/2016 15:44:09]INFO: Vendor OpenGL: Intel(R) HD Graphics 4000
[Dog Game Engine 28/05/2016 15:44:09]INFO: Renderer OpenGL: 4.0.0 - Build 10.18.10.3316
[Dog Game Engine 28/05/2016 15:44:09]INFO: Version GLSL: 4.00 - Build 10.18.10.3316