c:\users\siag006\documents\cesar\projects\galaxian\project\galaxian\galaxian\win32\release\vc140.pdb
c:\users\siag006\documents\cesar\projects\galaxian\project\galaxian\galaxian\win32\release\nivel1.obj
c:\users\siag006\documents\cesar\projects\galaxian\project\galaxian\galaxian\win32\release\main.obj
c:\users\siag006\documents\cesar\projects\galaxian\project\galaxian\galaxian\win32\release\galaxiangame.obj
c:\users\siag006\documents\cesar\projects\galaxian\project\galaxian\galaxian\win32\release\explosion.obj
c:\users\siag006\documents\cesar\projects\galaxian\project\galaxian\galaxian\win32\release\xmlparser.obj
c:\users\siag006\documents\cesar\projects\galaxian\project\galaxian\galaxian\win32\release\headsup.obj
c:\users\siag006\documents\cesar\projects\galaxian\project\galaxian\galaxian\win32\release\enemy.obj
c:\users\siag006\documents\cesar\projects\galaxian\bin\release\x86\galaxian.exe
c:\users\siag006\documents\cesar\projects\galaxian\bin\release\x86\galaxian.ipdb
c:\users\siag006\documents\cesar\projects\galaxian\bin\release\x86\galaxian.iobj
c:\users\siag006\documents\cesar\projects\galaxian\bin\release\x86\galaxian.pdb
c:\users\siag006\documents\cesar\projects\galaxian\project\galaxian\\..\..\bin\release\x86\galaxian.pdb
c:\users\siag006\documents\cesar\projects\galaxian\project\galaxian\\..\..\bin\release\x86\galaxian.exe
c:\users\siag006\documents\cesar\projects\galaxian\project\galaxian\galaxian\win32\release\galaxian.tlog\cl.command.1.tlog
c:\users\siag006\documents\cesar\projects\galaxian\project\galaxian\galaxian\win32\release\galaxian.tlog\cl.read.1.tlog
c:\users\siag006\documents\cesar\projects\galaxian\project\galaxian\galaxian\win32\release\galaxian.tlog\cl.write.1.tlog
c:\users\siag006\documents\cesar\projects\galaxian\project\galaxian\galaxian\win32\release\galaxian.tlog\link.command.1.tlog
c:\users\siag006\documents\cesar\projects\galaxian\project\galaxian\galaxian\win32\release\galaxian.tlog\link.read.1.tlog
c:\users\siag006\documents\cesar\projects\galaxian\project\galaxian\galaxian\win32\release\galaxian.tlog\link.write.1.tlog
