Build started 28/05/2016 03:43:53 p. m..
     1>Project "C:\Users\SIAG006\Documents\Cesar\Projects\Galaxian\project\Galaxian\Galaxian\Galaxian.vcxproj" on node 2 (Build target(s)).
     1>C:\Program Files (x86)\MSBuild\Microsoft.Cpp\v4.0\V140\Microsoft.CppBuild.targets(368,5): warning MSB8004: Output Directory does not end with a trailing slash.  This build instance will add the slash as it is required to allow proper evaluation of the Output Directory.
     1>ClCompile:
         C:\Program Files (x86)\Microsoft Visual Studio 14.0\VC\bin\CL.exe /c /IC:\Users\SIAG006\Documents\Cesar\Projects\Galaxian\project\Galaxian\\..\..\include /Zi /nologo /W3 /WX- /sdl /O2 /Oi /Oy- /GL /D WIN32 /D NDEBUG /D _CONSOLE /D _UNICODE /D UNICODE /Gm- /EHsc /MD /GS /Gy /fp:precise /Zc:wchar_t /Zc:forScope /Zc:inline /Fo"Win32\Release\\" /Fd"Win32\Release\vc140.pdb" /Gd /TP /analyze- /errorReport:prompt ..\..\..\src\GalaxianGame.cpp ..\..\..\src\GalaxianStateFactory.cpp ..\..\..\src\Nivel1.cpp ..\..\..\src\ScoresScreen.cpp ..\..\..\src\main.cpp
         GalaxianGame.cpp
         C:\Program Files (x86)\Windows Kits\8.1\Include\um\dinput.h: DIRECTINPUT_VERSION undefined. Defaulting to version 0x0800
     1>c:\users\siag006\documents\cesar\projects\galaxian\include\dogengine\renderengine\DOGCOLOR.h(25): warning C4521: 'DOGCOLOR': multiple copy constructors specified
     1>c:\users\siag006\documents\cesar\projects\galaxian\include\dogengine\renderengine\opengl\FXGL.h(18): warning C4005: 'GL_UNIFORM': macro redefinition
         C:\Users\SIAG006\Documents\Cesar\Projects\Galaxian\include\GL/glew.h(5579): note: see previous definition of 'GL_UNIFORM'
     1>c:\users\siag006\documents\cesar\projects\galaxian\src\Nivel1.h(39): warning C4005: 'ID_BULLET_ENEMY': macro redefinition
         c:\users\siag006\documents\cesar\projects\galaxian\src\Class/Enemy.h(8): note: see previous definition of 'ID_BULLET_ENEMY'
     1>c:\users\siag006\documents\cesar\projects\galaxian\src\Nivel2.h(29): warning C4005: 'Y_SPACE_ENEMIES': macro redefinition
         c:\users\siag006\documents\cesar\projects\galaxian\src\Nivel1.h(29): note: see previous definition of 'Y_SPACE_ENEMIES'
     1>c:\users\siag006\documents\cesar\projects\galaxian\src\Nivel2.h(45): warning C4005: 'POINTS_KILL': macro redefinition
         c:\users\siag006\documents\cesar\projects\galaxian\src\Nivel1.h(45): note: see previous definition of 'POINTS_KILL'
     1>c:\users\siag006\documents\cesar\projects\galaxian\src\Nivel3.h(28): warning C4005: 'X_SPACE_ENEMIES': macro redefinition
         c:\users\siag006\documents\cesar\projects\galaxian\src\Nivel1.h(28): note: see previous definition of 'X_SPACE_ENEMIES'
     1>c:\users\siag006\documents\cesar\projects\galaxian\src\Nivel3.h(29): warning C4005: 'Y_SPACE_ENEMIES': macro redefinition
         c:\users\siag006\documents\cesar\projects\galaxian\src\Nivel2.h(29): note: see previous definition of 'Y_SPACE_ENEMIES'
     1>c:\users\siag006\documents\cesar\projects\galaxian\src\Nivel3.h(33): warning C4005: 'WIDTH_ENEMY': macro redefinition
         c:\users\siag006\documents\cesar\projects\galaxian\src\Nivel1.h(33): note: see previous definition of 'WIDTH_ENEMY'
     1>c:\users\siag006\documents\cesar\projects\galaxian\src\Nivel3.h(34): warning C4005: 'HEIGHT_ENEMY': macro redefinition
         c:\users\siag006\documents\cesar\projects\galaxian\src\Nivel1.h(34): note: see previous definition of 'HEIGHT_ENEMY'
     1>c:\users\siag006\documents\cesar\projects\galaxian\src\Nivel3.h(45): warning C4005: 'POINTS_KILL': macro redefinition
         c:\users\siag006\documents\cesar\projects\galaxian\src\Nivel2.h(45): note: see previous definition of 'POINTS_KILL'
     1>c:\users\siag006\documents\cesar\projects\galaxian\src\Nivel4.h(28): warning C4005: 'X_SPACE_ENEMIES': macro redefinition
         c:\users\siag006\documents\cesar\projects\galaxian\src\Nivel3.h(28): note: see previous definition of 'X_SPACE_ENEMIES'
     1>c:\users\siag006\documents\cesar\projects\galaxian\src\Nivel4.h(29): warning C4005: 'Y_SPACE_ENEMIES': macro redefinition
         c:\users\siag006\documents\cesar\projects\galaxian\src\Nivel3.h(29): note: see previous definition of 'Y_SPACE_ENEMIES'
     1>c:\users\siag006\documents\cesar\projects\galaxian\src\Nivel4.h(45): warning C4005: 'POINTS_KILL': macro redefinition
         c:\users\siag006\documents\cesar\projects\galaxian\src\Nivel3.h(45): note: see previous definition of 'POINTS_KILL'
     1>c:\users\siag006\documents\cesar\projects\galaxian\src\Nivel5.h(28): warning C4005: 'X_SPACE_ENEMIES': macro redefinition
         c:\users\siag006\documents\cesar\projects\galaxian\src\Nivel4.h(28): note: see previous definition of 'X_SPACE_ENEMIES'
     1>c:\users\siag006\documents\cesar\projects\galaxian\src\Nivel5.h(29): warning C4005: 'Y_SPACE_ENEMIES': macro redefinition
         c:\users\siag006\documents\cesar\projects\galaxian\src\Nivel4.h(29): note: see previous definition of 'Y_SPACE_ENEMIES'
     1>c:\users\siag006\documents\cesar\projects\galaxian\src\Nivel5.h(33): warning C4005: 'WIDTH_ENEMY': macro redefinition
         c:\users\siag006\documents\cesar\projects\galaxian\src\Nivel3.h(33): note: see previous definition of 'WIDTH_ENEMY'
     1>c:\users\siag006\documents\cesar\projects\galaxian\src\Nivel5.h(34): warning C4005: 'HEIGHT_ENEMY': macro redefinition
         c:\users\siag006\documents\cesar\projects\galaxian\src\Nivel3.h(34): note: see previous definition of 'HEIGHT_ENEMY'
     1>c:\users\siag006\documents\cesar\projects\galaxian\src\Nivel5.h(44): warning C4005: 'ATTACK': macro redefinition
         c:\users\siag006\documents\cesar\projects\galaxian\src\Nivel1.h(44): note: see previous definition of 'ATTACK'
     1>c:\users\siag006\documents\cesar\projects\galaxian\src\Nivel5.h(45): warning C4005: 'POINTS_KILL': macro redefinition
         c:\users\siag006\documents\cesar\projects\galaxian\src\Nivel4.h(45): note: see previous definition of 'POINTS_KILL'
     1>c:\users\siag006\documents\cesar\projects\galaxian\src\Nivel6.h(28): warning C4005: 'X_SPACE_ENEMIES': macro redefinition
         c:\users\siag006\documents\cesar\projects\galaxian\src\Nivel5.h(28): note: see previous definition of 'X_SPACE_ENEMIES'
     1>c:\users\siag006\documents\cesar\projects\galaxian\src\Nivel6.h(44): warning C4005: 'ATTACK': macro redefinition
         c:\users\siag006\documents\cesar\projects\galaxian\src\Nivel5.h(44): note: see previous definition of 'ATTACK'
     1>c:\users\siag006\documents\cesar\projects\galaxian\src\Nivel6.h(45): warning C4005: 'POINTS_KILL': macro redefinition
         c:\users\siag006\documents\cesar\projects\galaxian\src\Nivel5.h(45): note: see previous definition of 'POINTS_KILL'
     1>c:\users\siag006\documents\cesar\projects\galaxian\src\Nivel7.h(29): warning C4005: 'Y_SPACE_ENEMIES': macro redefinition
         c:\users\siag006\documents\cesar\projects\galaxian\src\Nivel5.h(29): note: see previous definition of 'Y_SPACE_ENEMIES'
     1>c:\users\siag006\documents\cesar\projects\galaxian\src\Nivel7.h(33): warning C4005: 'WIDTH_ENEMY': macro redefinition
         c:\users\siag006\documents\cesar\projects\galaxian\src\Nivel5.h(33): note: see previous definition of 'WIDTH_ENEMY'
     1>c:\users\siag006\documents\cesar\projects\galaxian\src\Nivel7.h(34): warning C4005: 'HEIGHT_ENEMY': macro redefinition
         c:\users\siag006\documents\cesar\projects\galaxian\src\Nivel5.h(34): note: see previous definition of 'HEIGHT_ENEMY'
     1>c:\users\siag006\documents\cesar\projects\galaxian\src\Nivel7.h(45): warning C4005: 'POINTS_KILL': macro redefinition
         c:\users\siag006\documents\cesar\projects\galaxian\src\Nivel6.h(45): note: see previous definition of 'POINTS_KILL'
     1>c:\users\siag006\documents\cesar\projects\galaxian\src\Nivel8.h(45): warning C4005: 'POINTS_KILL': macro redefinition
         c:\users\siag006\documents\cesar\projects\galaxian\src\Nivel7.h(45): note: see previous definition of 'POINTS_KILL'
         GalaxianStateFactory.cpp
         C:\Program Files (x86)\Windows Kits\8.1\Include\um\dinput.h: DIRECTINPUT_VERSION undefined. Defaulting to version 0x0800
     1>c:\users\siag006\documents\cesar\projects\galaxian\include\dogengine\renderengine\DOGCOLOR.h(25): warning C4521: 'DOGCOLOR': multiple copy constructors specified
     1>c:\users\siag006\documents\cesar\projects\galaxian\include\dogengine\renderengine\opengl\FXGL.h(18): warning C4005: 'GL_UNIFORM': macro redefinition
         C:\Users\SIAG006\Documents\Cesar\Projects\Galaxian\include\GL/glew.h(5579): note: see previous definition of 'GL_UNIFORM'
     1>c:\users\siag006\documents\cesar\projects\galaxian\src\Nivel1.h(39): warning C4005: 'ID_BULLET_ENEMY': macro redefinition
         c:\users\siag006\documents\cesar\projects\galaxian\src\Class/Enemy.h(8): note: see previous definition of 'ID_BULLET_ENEMY'
     1>c:\users\siag006\documents\cesar\projects\galaxian\src\Nivel2.h(29): warning C4005: 'Y_SPACE_ENEMIES': macro redefinition
         c:\users\siag006\documents\cesar\projects\galaxian\src\Nivel1.h(29): note: see previous definition of 'Y_SPACE_ENEMIES'
     1>c:\users\siag006\documents\cesar\projects\galaxian\src\Nivel2.h(45): warning C4005: 'POINTS_KILL': macro redefinition
         c:\users\siag006\documents\cesar\projects\galaxian\src\Nivel1.h(45): note: see previous definition of 'POINTS_KILL'
     1>c:\users\siag006\documents\cesar\projects\galaxian\src\Nivel3.h(28): warning C4005: 'X_SPACE_ENEMIES': macro redefinition
         c:\users\siag006\documents\cesar\projects\galaxian\src\Nivel1.h(28): note: see previous definition of 'X_SPACE_ENEMIES'
     1>c:\users\siag006\documents\cesar\projects\galaxian\src\Nivel3.h(29): warning C4005: 'Y_SPACE_ENEMIES': macro redefinition
         c:\users\siag006\documents\cesar\projects\galaxian\src\Nivel2.h(29): note: see previous definition of 'Y_SPACE_ENEMIES'
     1>c:\users\siag006\documents\cesar\projects\galaxian\src\Nivel3.h(33): warning C4005: 'WIDTH_ENEMY': macro redefinition
         c:\users\siag006\documents\cesar\projects\galaxian\src\Nivel1.h(33): note: see previous definition of 'WIDTH_ENEMY'
     1>c:\users\siag006\documents\cesar\projects\galaxian\src\Nivel3.h(34): warning C4005: 'HEIGHT_ENEMY': macro redefinition
         c:\users\siag006\documents\cesar\projects\galaxian\src\Nivel1.h(34): note: see previous definition of 'HEIGHT_ENEMY'
     1>c:\users\siag006\documents\cesar\projects\galaxian\src\Nivel3.h(45): warning C4005: 'POINTS_KILL': macro redefinition
         c:\users\siag006\documents\cesar\projects\galaxian\src\Nivel2.h(45): note: see previous definition of 'POINTS_KILL'
     1>c:\users\siag006\documents\cesar\projects\galaxian\src\Nivel4.h(28): warning C4005: 'X_SPACE_ENEMIES': macro redefinition
         c:\users\siag006\documents\cesar\projects\galaxian\src\Nivel3.h(28): note: see previous definition of 'X_SPACE_ENEMIES'
     1>c:\users\siag006\documents\cesar\projects\galaxian\src\Nivel4.h(29): warning C4005: 'Y_SPACE_ENEMIES': macro redefinition
         c:\users\siag006\documents\cesar\projects\galaxian\src\Nivel3.h(29): note: see previous definition of 'Y_SPACE_ENEMIES'
     1>c:\users\siag006\documents\cesar\projects\galaxian\src\Nivel4.h(45): warning C4005: 'POINTS_KILL': macro redefinition
         c:\users\siag006\documents\cesar\projects\galaxian\src\Nivel3.h(45): note: see previous definition of 'POINTS_KILL'
     1>c:\users\siag006\documents\cesar\projects\galaxian\src\Nivel5.h(28): warning C4005: 'X_SPACE_ENEMIES': macro redefinition
         c:\users\siag006\documents\cesar\projects\galaxian\src\Nivel4.h(28): note: see previous definition of 'X_SPACE_ENEMIES'
     1>c:\users\siag006\documents\cesar\projects\galaxian\src\Nivel5.h(29): warning C4005: 'Y_SPACE_ENEMIES': macro redefinition
         c:\users\siag006\documents\cesar\projects\galaxian\src\Nivel4.h(29): note: see previous definition of 'Y_SPACE_ENEMIES'
     1>c:\users\siag006\documents\cesar\projects\galaxian\src\Nivel5.h(33): warning C4005: 'WIDTH_ENEMY': macro redefinition
         c:\users\siag006\documents\cesar\projects\galaxian\src\Nivel3.h(33): note: see previous definition of 'WIDTH_ENEMY'
     1>c:\users\siag006\documents\cesar\projects\galaxian\src\Nivel5.h(34): warning C4005: 'HEIGHT_ENEMY': macro redefinition
         c:\users\siag006\documents\cesar\projects\galaxian\src\Nivel3.h(34): note: see previous definition of 'HEIGHT_ENEMY'
     1>c:\users\siag006\documents\cesar\projects\galaxian\src\Nivel5.h(44): warning C4005: 'ATTACK': macro redefinition
         c:\users\siag006\documents\cesar\projects\galaxian\src\Nivel1.h(44): note: see previous definition of 'ATTACK'
     1>c:\users\siag006\documents\cesar\projects\galaxian\src\Nivel5.h(45): warning C4005: 'POINTS_KILL': macro redefinition
         c:\users\siag006\documents\cesar\projects\galaxian\src\Nivel4.h(45): note: see previous definition of 'POINTS_KILL'
     1>c:\users\siag006\documents\cesar\projects\galaxian\src\Nivel6.h(28): warning C4005: 'X_SPACE_ENEMIES': macro redefinition
         c:\users\siag006\documents\cesar\projects\galaxian\src\Nivel5.h(28): note: see previous definition of 'X_SPACE_ENEMIES'
     1>c:\users\siag006\documents\cesar\projects\galaxian\src\Nivel6.h(44): warning C4005: 'ATTACK': macro redefinition
         c:\users\siag006\documents\cesar\projects\galaxian\src\Nivel5.h(44): note: see previous definition of 'ATTACK'
     1>c:\users\siag006\documents\cesar\projects\galaxian\src\Nivel6.h(45): warning C4005: 'POINTS_KILL': macro redefinition
         c:\users\siag006\documents\cesar\projects\galaxian\src\Nivel5.h(45): note: see previous definition of 'POINTS_KILL'
     1>c:\users\siag006\documents\cesar\projects\galaxian\src\Nivel7.h(29): warning C4005: 'Y_SPACE_ENEMIES': macro redefinition
         c:\users\siag006\documents\cesar\projects\galaxian\src\Nivel5.h(29): note: see previous definition of 'Y_SPACE_ENEMIES'
     1>c:\users\siag006\documents\cesar\projects\galaxian\src\Nivel7.h(33): warning C4005: 'WIDTH_ENEMY': macro redefinition
         c:\users\siag006\documents\cesar\projects\galaxian\src\Nivel5.h(33): note: see previous definition of 'WIDTH_ENEMY'
     1>c:\users\siag006\documents\cesar\projects\galaxian\src\Nivel7.h(34): warning C4005: 'HEIGHT_ENEMY': macro redefinition
         c:\users\siag006\documents\cesar\projects\galaxian\src\Nivel5.h(34): note: see previous definition of 'HEIGHT_ENEMY'
     1>c:\users\siag006\documents\cesar\projects\galaxian\src\Nivel7.h(45): warning C4005: 'POINTS_KILL': macro redefinition
         c:\users\siag006\documents\cesar\projects\galaxian\src\Nivel6.h(45): note: see previous definition of 'POINTS_KILL'
     1>c:\users\siag006\documents\cesar\projects\galaxian\src\Nivel8.h(45): warning C4005: 'POINTS_KILL': macro redefinition
         c:\users\siag006\documents\cesar\projects\galaxian\src\Nivel7.h(45): note: see previous definition of 'POINTS_KILL'
         Nivel1.cpp
         C:\Program Files (x86)\Windows Kits\8.1\Include\um\dinput.h: DIRECTINPUT_VERSION undefined. Defaulting to version 0x0800
     1>c:\users\siag006\documents\cesar\projects\galaxian\include\dogengine\renderengine\opengl\../DOGCOLOR.h(25): warning C4521: 'DOGCOLOR': multiple copy constructors specified
     1>c:\users\siag006\documents\cesar\projects\galaxian\include\dogengine\renderengine\opengl\FXGL.h(18): warning C4005: 'GL_UNIFORM': macro redefinition
         C:\Users\SIAG006\Documents\Cesar\Projects\Galaxian\include\GL/glew.h(5579): note: see previous definition of 'GL_UNIFORM'
     1>c:\users\siag006\documents\cesar\projects\galaxian\src\Nivel1.h(39): warning C4005: 'ID_BULLET_ENEMY': macro redefinition
         c:\users\siag006\documents\cesar\projects\galaxian\src\Class/Enemy.h(8): note: see previous definition of 'ID_BULLET_ENEMY'
     1>..\..\..\src\Nivel1.cpp(47): warning C4244: 'argument': conversion from 'int' to 'float', possible loss of data
     1>..\..\..\src\Nivel1.cpp(88): warning C4244: 'argument': conversion from 'time_t' to 'unsigned int', possible loss of data
     1>..\..\..\src\Nivel1.cpp(118): warning C4018: '<': signed/unsigned mismatch
     1>..\..\..\src\Nivel1.cpp(129): warning C4018: '<': signed/unsigned mismatch
     1>..\..\..\src\Nivel1.cpp(165): warning C4018: '<': signed/unsigned mismatch
     1>..\..\..\src\Nivel1.cpp(196): warning C4018: '<': signed/unsigned mismatch
     1>..\..\..\src\Nivel1.cpp(212): warning C4018: '<': signed/unsigned mismatch
     1>..\..\..\src\Nivel1.cpp(310): warning C4018: '<': signed/unsigned mismatch
     1>..\..\..\src\Nivel1.cpp(352): warning C4018: '<': signed/unsigned mismatch
     1>..\..\..\src\Nivel1.cpp(420): warning C4018: '<': signed/unsigned mismatch
     1>..\..\..\src\Nivel1.cpp(425): warning C4018: '<': signed/unsigned mismatch
     1>..\..\..\src\Nivel1.cpp(431): warning C4018: '<': signed/unsigned mismatch
     1>..\..\..\src\Nivel1.cpp(581): warning C4244: 'initializing': conversion from 'int' to 'DOGfloat', possible loss of data
     1>..\..\..\src\Nivel1.cpp(582): warning C4244: 'initializing': conversion from 'DOGfloat' to 'DOGint', possible loss of data
     1>..\..\..\src\Nivel1.cpp(588): warning C4244: '=': conversion from 'int' to 'DOGfloat', possible loss of data
     1>..\..\..\src\Nivel1.cpp(595): warning C4244: 'initializing': conversion from 'int' to 'DOGfloat', possible loss of data
     1>..\..\..\src\Nivel1.cpp(596): warning C4244: 'initializing': conversion from 'DOGfloat' to 'DOGint', possible loss of data
     1>..\..\..\src\Nivel1.cpp(604): warning C4244: '=': conversion from 'int' to 'DOGfloat', possible loss of data
     1>..\..\..\src\Nivel1.cpp(659): warning C4018: '<': signed/unsigned mismatch
     1>..\..\..\src\Nivel1.cpp(667): warning C4018: '<': signed/unsigned mismatch
     1>..\..\..\src\Nivel1.cpp(681): warning C4018: '<': signed/unsigned mismatch
     1>..\..\..\src\Nivel1.cpp(711): warning C4018: '<': signed/unsigned mismatch
         ScoresScreen.cpp
         C:\Program Files (x86)\Windows Kits\8.1\Include\um\dinput.h: DIRECTINPUT_VERSION undefined. Defaulting to version 0x0800
     1>c:\users\siag006\documents\cesar\projects\galaxian\include\dogengine\renderengine\DOGCOLOR.h(25): warning C4521: 'DOGCOLOR': multiple copy constructors specified
     1>c:\users\siag006\documents\cesar\projects\galaxian\include\dogengine\renderengine\opengl\FXGL.h(18): warning C4005: 'GL_UNIFORM': macro redefinition
         C:\Users\SIAG006\Documents\Cesar\Projects\Galaxian\include\GL/glew.h(5579): note: see previous definition of 'GL_UNIFORM'
     1>..\..\..\src\ScoresScreen.cpp(92): warning C4018: '<': signed/unsigned mismatch
         main.cpp
         C:\Program Files (x86)\Windows Kits\8.1\Include\um\dinput.h: DIRECTINPUT_VERSION undefined. Defaulting to version 0x0800
     1>c:\users\siag006\documents\cesar\projects\galaxian\include\dogengine\renderengine\DOGCOLOR.h(25): warning C4521: 'DOGCOLOR': multiple copy constructors specified
     1>c:\users\siag006\documents\cesar\projects\galaxian\include\dogengine\renderengine\opengl\FXGL.h(18): warning C4005: 'GL_UNIFORM': macro redefinition
         C:\Users\SIAG006\Documents\Cesar\Projects\Galaxian\include\GL/glew.h(5579): note: see previous definition of 'GL_UNIFORM'
     1>c:\users\siag006\documents\cesar\projects\galaxian\src\Nivel1.h(39): warning C4005: 'ID_BULLET_ENEMY': macro redefinition
         c:\users\siag006\documents\cesar\projects\galaxian\src\Class/Enemy.h(8): note: see previous definition of 'ID_BULLET_ENEMY'
     1>c:\users\siag006\documents\cesar\projects\galaxian\src\Nivel2.h(29): warning C4005: 'Y_SPACE_ENEMIES': macro redefinition
         c:\users\siag006\documents\cesar\projects\galaxian\src\Nivel1.h(29): note: see previous definition of 'Y_SPACE_ENEMIES'
     1>c:\users\siag006\documents\cesar\projects\galaxian\src\Nivel2.h(45): warning C4005: 'POINTS_KILL': macro redefinition
         c:\users\siag006\documents\cesar\projects\galaxian\src\Nivel1.h(45): note: see previous definition of 'POINTS_KILL'
     1>c:\users\siag006\documents\cesar\projects\galaxian\src\Nivel3.h(28): warning C4005: 'X_SPACE_ENEMIES': macro redefinition
         c:\users\siag006\documents\cesar\projects\galaxian\src\Nivel1.h(28): note: see previous definition of 'X_SPACE_ENEMIES'
     1>c:\users\siag006\documents\cesar\projects\galaxian\src\Nivel3.h(29): warning C4005: 'Y_SPACE_ENEMIES': macro redefinition
         c:\users\siag006\documents\cesar\projects\galaxian\src\Nivel2.h(29): note: see previous definition of 'Y_SPACE_ENEMIES'
     1>c:\users\siag006\documents\cesar\projects\galaxian\src\Nivel3.h(33): warning C4005: 'WIDTH_ENEMY': macro redefinition
         c:\users\siag006\documents\cesar\projects\galaxian\src\Nivel1.h(33): note: see previous definition of 'WIDTH_ENEMY'
     1>c:\users\siag006\documents\cesar\projects\galaxian\src\Nivel3.h(34): warning C4005: 'HEIGHT_ENEMY': macro redefinition
         c:\users\siag006\documents\cesar\projects\galaxian\src\Nivel1.h(34): note: see previous definition of 'HEIGHT_ENEMY'
     1>c:\users\siag006\documents\cesar\projects\galaxian\src\Nivel3.h(45): warning C4005: 'POINTS_KILL': macro redefinition
         c:\users\siag006\documents\cesar\projects\galaxian\src\Nivel2.h(45): note: see previous definition of 'POINTS_KILL'
     1>c:\users\siag006\documents\cesar\projects\galaxian\src\Nivel4.h(28): warning C4005: 'X_SPACE_ENEMIES': macro redefinition
         c:\users\siag006\documents\cesar\projects\galaxian\src\Nivel3.h(28): note: see previous definition of 'X_SPACE_ENEMIES'
     1>c:\users\siag006\documents\cesar\projects\galaxian\src\Nivel4.h(29): warning C4005: 'Y_SPACE_ENEMIES': macro redefinition
         c:\users\siag006\documents\cesar\projects\galaxian\src\Nivel3.h(29): note: see previous definition of 'Y_SPACE_ENEMIES'
     1>c:\users\siag006\documents\cesar\projects\galaxian\src\Nivel4.h(45): warning C4005: 'POINTS_KILL': macro redefinition
         c:\users\siag006\documents\cesar\projects\galaxian\src\Nivel3.h(45): note: see previous definition of 'POINTS_KILL'
     1>c:\users\siag006\documents\cesar\projects\galaxian\src\Nivel5.h(28): warning C4005: 'X_SPACE_ENEMIES': macro redefinition
         c:\users\siag006\documents\cesar\projects\galaxian\src\Nivel4.h(28): note: see previous definition of 'X_SPACE_ENEMIES'
     1>c:\users\siag006\documents\cesar\projects\galaxian\src\Nivel5.h(29): warning C4005: 'Y_SPACE_ENEMIES': macro redefinition
         c:\users\siag006\documents\cesar\projects\galaxian\src\Nivel4.h(29): note: see previous definition of 'Y_SPACE_ENEMIES'
     1>c:\users\siag006\documents\cesar\projects\galaxian\src\Nivel5.h(33): warning C4005: 'WIDTH_ENEMY': macro redefinition
         c:\users\siag006\documents\cesar\projects\galaxian\src\Nivel3.h(33): note: see previous definition of 'WIDTH_ENEMY'
     1>c:\users\siag006\documents\cesar\projects\galaxian\src\Nivel5.h(34): warning C4005: 'HEIGHT_ENEMY': macro redefinition
         c:\users\siag006\documents\cesar\projects\galaxian\src\Nivel3.h(34): note: see previous definition of 'HEIGHT_ENEMY'
     1>c:\users\siag006\documents\cesar\projects\galaxian\src\Nivel5.h(44): warning C4005: 'ATTACK': macro redefinition
         c:\users\siag006\documents\cesar\projects\galaxian\src\Nivel1.h(44): note: see previous definition of 'ATTACK'
     1>c:\users\siag006\documents\cesar\projects\galaxian\src\Nivel5.h(45): warning C4005: 'POINTS_KILL': macro redefinition
         c:\users\siag006\documents\cesar\projects\galaxian\src\Nivel4.h(45): note: see previous definition of 'POINTS_KILL'
     1>c:\users\siag006\documents\cesar\projects\galaxian\src\Nivel6.h(28): warning C4005: 'X_SPACE_ENEMIES': macro redefinition
         c:\users\siag006\documents\cesar\projects\galaxian\src\Nivel5.h(28): note: see previous definition of 'X_SPACE_ENEMIES'
     1>c:\users\siag006\documents\cesar\projects\galaxian\src\Nivel6.h(44): warning C4005: 'ATTACK': macro redefinition
         c:\users\siag006\documents\cesar\projects\galaxian\src\Nivel5.h(44): note: see previous definition of 'ATTACK'
     1>c:\users\siag006\documents\cesar\projects\galaxian\src\Nivel6.h(45): warning C4005: 'POINTS_KILL': macro redefinition
         c:\users\siag006\documents\cesar\projects\galaxian\src\Nivel5.h(45): note: see previous definition of 'POINTS_KILL'
     1>c:\users\siag006\documents\cesar\projects\galaxian\src\Nivel7.h(29): warning C4005: 'Y_SPACE_ENEMIES': macro redefinition
         c:\users\siag006\documents\cesar\projects\galaxian\src\Nivel5.h(29): note: see previous definition of 'Y_SPACE_ENEMIES'
     1>c:\users\siag006\documents\cesar\projects\galaxian\src\Nivel7.h(33): warning C4005: 'WIDTH_ENEMY': macro redefinition
         c:\users\siag006\documents\cesar\projects\galaxian\src\Nivel5.h(33): note: see previous definition of 'WIDTH_ENEMY'
     1>c:\users\siag006\documents\cesar\projects\galaxian\src\Nivel7.h(34): warning C4005: 'HEIGHT_ENEMY': macro redefinition
         c:\users\siag006\documents\cesar\projects\galaxian\src\Nivel5.h(34): note: see previous definition of 'HEIGHT_ENEMY'
     1>c:\users\siag006\documents\cesar\projects\galaxian\src\Nivel7.h(45): warning C4005: 'POINTS_KILL': macro redefinition
         c:\users\siag006\documents\cesar\projects\galaxian\src\Nivel6.h(45): note: see previous definition of 'POINTS_KILL'
     1>c:\users\siag006\documents\cesar\projects\galaxian\src\Nivel8.h(45): warning C4005: 'POINTS_KILL': macro redefinition
         c:\users\siag006\documents\cesar\projects\galaxian\src\Nivel7.h(45): note: see previous definition of 'POINTS_KILL'
       Link:
         C:\Program Files (x86)\Microsoft Visual Studio 14.0\VC\bin\link.exe /ERRORREPORT:PROMPT /OUT:"C:\Users\SIAG006\Documents\Cesar\Projects\Galaxian\project\Galaxian\\..\..\bin\Release\x86\Galaxian.exe" /INCREMENTAL:NO /NOLOGO /LIBPATH:C:\Users\SIAG006\Documents\Cesar\Projects\Galaxian\project\Galaxian\\..\..\lib\x86 DogEngineOpenGL.lib dxguid.lib dinput8.lib SDL2.lib SDL2main.lib SDL2_image.lib libxml2.lib kernel32.lib user32.lib gdi32.lib winspool.lib comdlg32.lib advapi32.lib shell32.lib ole32.lib oleaut32.lib uuid.lib odbc32.lib odbccp32.lib /MANIFEST /MANIFESTUAC:"level='asInvoker' uiAccess='false'" /manifest:embed /Debug /PDB:"C:\Users\SIAG006\Documents\Cesar\Projects\Galaxian\project\Galaxian\\..\..\bin\Release\x86\Galaxian.pdb" /SUBSYSTEM:CONSOLE /OPT:REF /OPT:ICF /LTCG:incremental /TLBID:1 /DYNAMICBASE /NXCOMPAT /IMPLIB:"C:\Users\SIAG006\Documents\Cesar\Projects\Galaxian\project\Galaxian\\..\..\bin\Release\x86\Galaxian.lib" /MACHINE:X86 /SAFESEH Win32\Release\Enemy.obj
         Win32\Release\HeadsUp.obj
         Win32\Release\Scores.obj
         Win32\Release\Sound.obj
         Win32\Release\XMLParser.obj
         Win32\Release\Explosion.obj
         Win32\Release\GalaxianGame.obj
         Win32\Release\GalaxianStateFactory.obj
         Win32\Release\main.obj
         Win32\Release\Nivel1.obj
         Win32\Release\Nivel2.obj
         Win32\Release\Nivel3.obj
         Win32\Release\Nivel4.obj
         Win32\Release\Nivel5.obj
         Win32\Release\Nivel6.obj
         Win32\Release\Nivel7.obj
         Win32\Release\Nivel8.obj
         Win32\Release\ScoresScreen.obj
         Win32\Release\Welcome.obj
         Generating code
         2 of 2136 functions ( 0.1%) were compiled, the rest were copied from previous compilation.
           0 functions were new in current compilation
           2 functions had inline decision re-evaluated but remain unchanged
         Finished generating code
         Galaxian.vcxproj -> C:\Users\SIAG006\Documents\Cesar\Projects\Galaxian\project\Galaxian\\..\..\bin\Release\x86\Galaxian.exe
     1>Done Building Project "C:\Users\SIAG006\Documents\Cesar\Projects\Galaxian\project\Galaxian\Galaxian\Galaxian.vcxproj" (Build target(s)).

Build succeeded.

Time Elapsed 00:00:13.61
