
[Dog Game Engine 17/04/2016 21:14:10]INFO: OpenGL was up successfully -- Dog Game Engine
[Dog Game Engine 17/04/2016 21:14:10]INFO: Version OpenGL: Intel
[Dog Game Engine 17/04/2016 21:14:10]INFO: Vendor OpenGL: Intel(R) HD Graphics 4000
[Dog Game Engine 17/04/2016 21:14:10]INFO: Renderer OpenGL: 4.0.0 - Build 10.18.10.3316
[Dog Game Engine 17/04/2016 21:14:10]INFO: Version GLSL: 4.00 - Build 10.18.10.3316
[Dog Game Engine 17/04/2016 21:22:37]INFO: OpenGL was up successfully -- Dog Game Engine
[Dog Game Engine 17/04/2016 21:22:37]INFO: Version OpenGL: Intel
[Dog Game Engine 17/04/2016 21:22:37]INFO: Vendor OpenGL: Intel(R) HD Graphics 4000
[Dog Game Engine 17/04/2016 21:22:37]INFO: Renderer OpenGL: 4.0.0 - Build 10.18.10.3316
[Dog Game Engine 17/04/2016 21:22:37]INFO: Version GLSL: 4.00 - Build 10.18.10.3316
[Dog Game Engine 18/04/2016 22:49:19]INFO: OpenGL was up successfully -- Dog Game Engine
[Dog Game Engine 18/04/2016 22:49:19]INFO: Version OpenGL: Intel
[Dog Game Engine 18/04/2016 22:49:19]INFO: Vendor OpenGL: Intel(R) HD Graphics 4000
[Dog Game Engine 18/04/2016 22:49:19]INFO: Renderer OpenGL: 4.0.0 - Build 10.18.10.3316
[Dog Game Engine 18/04/2016 22:49:19]INFO: Version GLSL: 4.00 - Build 10.18.10.3316
[Dog Game Engine 28/05/2016 15:47:09]INFO: OpenGL was up successfully -- Dog Game Engine
[Dog Game Engine 28/05/2016 15:47:09]INFO: Version OpenGL: Intel
[Dog Game Engine 28/05/2016 15:47:09]INFO: Vendor OpenGL: Intel(R) HD Graphics 4000
[Dog Game Engine 28/05/2016 15:47:09]INFO: Renderer OpenGL: 4.0.0 - Build 10.18.10.3316
[Dog Game Engine 28/05/2016 15:47:09]INFO: Version GLSL: 4.00 - Build 10.18.10.3316
[Dog Game Engine 06/06/2021 14:09:30]INFO: OpenGL was up successfully -- Dog Game Engine
[Dog Game Engine 06/06/2021 14:09:30]INFO: Version OpenGL: Intel
[Dog Game Engine 06/06/2021 14:09:30]INFO: Vendor OpenGL: Intel(R) HD Graphics 530
[Dog Game Engine 06/06/2021 14:09:30]INFO: Renderer OpenGL: 4.0.0 - Build 23.20.16.4973
[Dog Game Engine 06/06/2021 14:09:30]INFO: Version GLSL: 4.00 - Build 23.20.16.4973
[Dog Game Engine 10/06/2021 23:41:37]INFO: OpenGL was up successfully -- Dog Game Engine
[Dog Game Engine 10/06/2021 23:41:37]INFO: Version OpenGL: Intel
[Dog Game Engine 10/06/2021 23:41:37]INFO: Vendor OpenGL: Intel(R) HD Graphics 530
[Dog Game Engine 10/06/2021 23:41:37]INFO: Renderer OpenGL: 4.0.0 - Build 23.20.16.4973
[Dog Game Engine 10/06/2021 23:41:37]INFO: Version GLSL: 4.00 - Build 23.20.16.4973
[Dog Game Engine 11/06/2021 10:40:46]INFO: OpenGL was up successfully -- Dog Game Engine
[Dog Game Engine 11/06/2021 10:40:46]INFO: Version OpenGL: Intel
[Dog Game Engine 11/06/2021 10:40:46]INFO: Vendor OpenGL: Intel(R) HD Graphics 530
[Dog Game Engine 11/06/2021 10:40:46]INFO: Renderer OpenGL: 4.0.0 - Build 23.20.16.4973
[Dog Game Engine 11/06/2021 10:40:46]INFO: Version GLSL: 4.00 - Build 23.20.16.4973
[Dog Game Engine 11/06/2021 10:44:26]INFO: OpenGL was up successfully -- Dog Game Engine
[Dog Game Engine 11/06/2021 10:44:26]INFO: Version OpenGL: Intel
[Dog Game Engine 11/06/2021 10:44:26]INFO: Vendor OpenGL: Intel(R) HD Graphics 530
[Dog Game Engine 11/06/2021 10:44:26]INFO: Renderer OpenGL: 4.0.0 - Build 23.20.16.4973
[Dog Game Engine 11/06/2021 10:44:26]INFO: Version GLSL: 4.00 - Build 23.20.16.4973
[Dog Game Engine 11/06/2021 10:48:23]ERROR: failed to read the .xml file
[Dog Game Engine 11/06/2021 10:48:32]INFO: OpenGL was up successfully -- Dog Game Engine
[Dog Game Engine 11/06/2021 10:48:32]INFO: Version OpenGL: Intel
[Dog Game Engine 11/06/2021 10:48:32]INFO: Vendor OpenGL: Intel(R) HD Graphics 530
[Dog Game Engine 11/06/2021 10:48:32]INFO: Renderer OpenGL: 4.0.0 - Build 23.20.16.4973
[Dog Game Engine 11/06/2021 10:48:32]INFO: Version GLSL: 4.00 - Build 23.20.16.4973
[Dog Game Engine 11/06/2021 10:49:00]INFO: OpenGL was up successfully -- Dog Game Engine
[Dog Game Engine 11/06/2021 10:49:00]INFO: Version OpenGL: Intel
[Dog Game Engine 11/06/2021 10:49:00]INFO: Vendor OpenGL: Intel(R) HD Graphics 530
[Dog Game Engine 11/06/2021 10:49:00]INFO: Renderer OpenGL: 4.0.0 - Build 23.20.16.4973
[Dog Game Engine 11/06/2021 10:49:00]INFO: Version GLSL: 4.00 - Build 23.20.16.4973
[Dog Game Engine 11/06/2021 10:51:51]INFO: OpenGL was up successfully -- Dog Game Engine
[Dog Game Engine 11/06/2021 10:51:51]INFO: Version OpenGL: Intel
[Dog Game Engine 11/06/2021 10:51:51]INFO: Vendor OpenGL: Intel(R) HD Graphics 530
[Dog Game Engine 11/06/2021 10:51:51]INFO: Renderer OpenGL: 4.0.0 - Build 23.20.16.4973
[Dog Game Engine 11/06/2021 10:51:51]INFO: Version GLSL: 4.00 - Build 23.20.16.4973
[Dog Game Engine 11/06/2021 10:55:57]INFO: OpenGL was up successfully -- Dog Game Engine
[Dog Game Engine 11/06/2021 10:55:57]INFO: Version OpenGL: Intel
[Dog Game Engine 11/06/2021 10:55:57]INFO: Vendor OpenGL: Intel(R) HD Graphics 530
[Dog Game Engine 11/06/2021 10:55:57]INFO: Renderer OpenGL: 4.0.0 - Build 23.20.16.4973
[Dog Game Engine 11/06/2021 10:55:57]INFO: Version GLSL: 4.00 - Build 23.20.16.4973
[Dog Game Engine 11/06/2021 10:57:01]INFO: OpenGL was up successfully -- Dog Game Engine
[Dog Game Engine 11/06/2021 10:57:01]INFO: Version OpenGL: Intel
[Dog Game Engine 11/06/2021 10:57:01]INFO: Vendor OpenGL: Intel(R) HD Graphics 530
[Dog Game Engine 11/06/2021 10:57:01]INFO: Renderer OpenGL: 4.0.0 - Build 23.20.16.4973
[Dog Game Engine 11/06/2021 10:57:01]INFO: Version GLSL: 4.00 - Build 23.20.16.4973
[Dog Game Engine 11/06/2021 10:57:36]INFO: OpenGL was up successfully -- Dog Game Engine
[Dog Game Engine 11/06/2021 10:57:36]INFO: Version OpenGL: Intel
[Dog Game Engine 11/06/2021 10:57:36]INFO: Vendor OpenGL: Intel(R) HD Graphics 530
[Dog Game Engine 11/06/2021 10:57:36]INFO: Renderer OpenGL: 4.0.0 - Build 23.20.16.4973
[Dog Game Engine 11/06/2021 10:57:36]INFO: Version GLSL: 4.00 - Build 23.20.16.4973
[Dog Game Engine 24/09/2022 18:49:23]INFO: OpenGL was up successfully -- Dog Game Engine
[Dog Game Engine 24/09/2022 18:49:23]INFO: Version OpenGL: Intel
[Dog Game Engine 24/09/2022 18:49:23]INFO: Vendor OpenGL: Intel(R) UHD Graphics
[Dog Game Engine 24/09/2022 18:49:23]INFO: Renderer OpenGL: 4.0.0 - Build 30.0.101.2079
[Dog Game Engine 24/09/2022 18:49:23]INFO: Version GLSL: 4.00 - Build 30.0.101.2079
[Dog Game Engine 24/09/2022 18:53:38]INFO: OpenGL was up successfully -- Dog Game Engine
[Dog Game Engine 24/09/2022 18:53:38]INFO: Version OpenGL: Intel
[Dog Game Engine 24/09/2022 18:53:38]INFO: Vendor OpenGL: Intel(R) UHD Graphics
[Dog Game Engine 24/09/2022 18:53:38]INFO: Renderer OpenGL: 4.0.0 - Build 30.0.101.2079
[Dog Game Engine 24/09/2022 18:53:38]INFO: Version GLSL: 4.00 - Build 30.0.101.2079
[Dog Game Engine 24/09/2022 19:04:56]INFO: OpenGL was up successfully -- Dog Game Engine
[Dog Game Engine 24/09/2022 19:04:56]INFO: Version OpenGL: Intel
[Dog Game Engine 24/09/2022 19:04:56]INFO: Vendor OpenGL: Intel(R) UHD Graphics
[Dog Game Engine 24/09/2022 19:04:56]INFO: Renderer OpenGL: 4.0.0 - Build 30.0.101.2079
[Dog Game Engine 24/09/2022 19:04:56]INFO: Version GLSL: 4.00 - Build 30.0.101.2079